<?xml version="1.0" encoding="UTF-8"?>
<!-- Generated by org.testng.reporters.JUnitXMLReporter -->
<testsuite ignored="0" hostname="DESKTOP-3V8HRHP" failures="0" tests="4" name="Default test" time="23.864" errors="0" timestamp="2024-09-06T15:21:50 IST">
  <testcase classname="azureDevops.LoginPageTest" name="testLoginPageLoad" time="0.026"/>
  <testcase classname="azureDevops.LoginPageTest" name="testLoginPageElementsPresence" time="0.101"/>
  <testcase classname="azureDevops.LoginPageTest" name="testSuccessfulLogin" time="5.842"/>
  <testcase classname="azureDevops.LoginPageTest" name="testInvalidLogin" time="0.974"/>
</testsuite> <!-- Default test -->
