<?xml version="1.0" encoding="UTF-8"?>
<testng-results ignored="0" total="4" passed="4" failed="0" skipped="0">
  <reporter-output>
  </reporter-output>
  <suite started-at="2024-09-06T10:50:53 IST" name="Default suite" finished-at="2024-09-06T10:51:18 IST" duration-ms="25784">
    <groups>
    </groups>
    <test started-at="2024-09-06T10:50:53 IST" name="Default test" finished-at="2024-09-06T10:51:18 IST" duration-ms="25784">
      <class name="azureDevops.LoginPageTest">
        <test-method is-config="true" signature="setUp()[pri:0, instance:azureDevops.LoginPageTest@3e8c3cb]" started-at="2024-09-06T10:50:53 IST" name="setUp" finished-at="2024-09-06T10:50:58 IST" duration-ms="5617" status="PASS">
          <reporter-output>
          </reporter-output>
        </test-method> <!-- setUp -->
        <test-method signature="testLoginPageLoad()[pri:1, instance:azureDevops.LoginPageTest@3e8c3cb]" started-at="2024-09-06T10:50:58 IST" name="testLoginPageLoad" finished-at="2024-09-06T10:50:58 IST" duration-ms="28" status="PASS">
          <reporter-output>
          </reporter-output>
        </test-method> <!-- testLoginPageLoad -->
        <test-method is-config="true" signature="tearDown()[pri:0, instance:azureDevops.LoginPageTest@3e8c3cb]" started-at="2024-09-06T10:50:58 IST" name="tearDown" finished-at="2024-09-06T10:50:58 IST" duration-ms="193" status="PASS">
          <reporter-output>
          </reporter-output>
        </test-method> <!-- tearDown -->
        <test-method is-config="true" signature="setUp()[pri:0, instance:azureDevops.LoginPageTest@3e8c3cb]" started-at="2024-09-06T10:50:58 IST" name="setUp" finished-at="2024-09-06T10:51:03 IST" duration-ms="4127" status="PASS">
          <reporter-output>
          </reporter-output>
        </test-method> <!-- setUp -->
        <test-method signature="testLoginPageElementsPresence()[pri:2, instance:azureDevops.LoginPageTest@3e8c3cb]" started-at="2024-09-06T10:51:03 IST" name="testLoginPageElementsPresence" finished-at="2024-09-06T10:51:03 IST" duration-ms="75" status="PASS">
          <reporter-output>
          </reporter-output>
        </test-method> <!-- testLoginPageElementsPresence -->
        <test-method is-config="true" signature="tearDown()[pri:0, instance:azureDevops.LoginPageTest@3e8c3cb]" started-at="2024-09-06T10:51:03 IST" name="tearDown" finished-at="2024-09-06T10:51:03 IST" duration-ms="139" status="PASS">
          <reporter-output>
          </reporter-output>
        </test-method> <!-- tearDown -->
        <test-method is-config="true" signature="setUp()[pri:0, instance:azureDevops.LoginPageTest@3e8c3cb]" started-at="2024-09-06T10:51:03 IST" name="setUp" finished-at="2024-09-06T10:51:07 IST" duration-ms="3753" status="PASS">
          <reporter-output>
          </reporter-output>
        </test-method> <!-- setUp -->
        <test-method signature="testSuccessfulLogin()[pri:3, instance:azureDevops.LoginPageTest@3e8c3cb]" started-at="2024-09-06T10:51:07 IST" name="testSuccessfulLogin" finished-at="2024-09-06T10:51:13 IST" duration-ms="6716" status="PASS">
          <reporter-output>
          </reporter-output>
        </test-method> <!-- testSuccessfulLogin -->
        <test-method is-config="true" signature="tearDown()[pri:0, instance:azureDevops.LoginPageTest@3e8c3cb]" started-at="2024-09-06T10:51:13 IST" name="tearDown" finished-at="2024-09-06T10:51:13 IST" duration-ms="245" status="PASS">
          <reporter-output>
          </reporter-output>
        </test-method> <!-- tearDown -->
        <test-method is-config="true" signature="setUp()[pri:0, instance:azureDevops.LoginPageTest@3e8c3cb]" started-at="2024-09-06T10:51:13 IST" name="setUp" finished-at="2024-09-06T10:51:17 IST" duration-ms="3684" status="PASS">
          <reporter-output>
          </reporter-output>
        </test-method> <!-- setUp -->
        <test-method signature="testInvalidLogin()[pri:4, instance:azureDevops.LoginPageTest@3e8c3cb]" started-at="2024-09-06T10:51:17 IST" name="testInvalidLogin" finished-at="2024-09-06T10:51:18 IST" duration-ms="952" status="PASS">
          <reporter-output>
          </reporter-output>
        </test-method> <!-- testInvalidLogin -->
        <test-method is-config="true" signature="tearDown()[pri:0, instance:azureDevops.LoginPageTest@3e8c3cb]" started-at="2024-09-06T10:51:18 IST" name="tearDown" finished-at="2024-09-06T10:51:18 IST" duration-ms="198" status="PASS">
          <reporter-output>
          </reporter-output>
        </test-method> <!-- tearDown -->
      </class> <!-- azureDevops.LoginPageTest -->
    </test> <!-- Default test -->
  </suite> <!-- Default suite -->
</testng-results>
